Classic Timing Analyzer report for Rad_Base
Sat Oct 28 23:42:37 2017
Quartus II Version 9.0 Build 235 06/17/2009 Service Pack 2 SJ Web Edition


---------------------
; Table of Contents ;
---------------------
  1. Legal Notice
  2. Timing Analyzer Summary
  3. Timing Analyzer Settings
  4. Clock Settings Summary
  5. Parallel Compilation
  6. Clock Setup: 'CLK'
  7. tsu
  8. tco
  9. th
 10. Timing Analyzer Messages



----------------
; Legal Notice ;
----------------
Copyright (C) 1991-2009 Altera Corporation
Your use of Altera Corporation's design tools, logic functions 
and other software and tools, and its AMPP partner logic 
functions, and any output files from any of the foregoing 
(including device programming or simulation files), and any 
associated documentation or information are expressly subject 
to the terms and conditions of the Altera Program License 
Subscription Agreement, Altera MegaCore Function License 
Agreement, or other applicable license agreement, including, 
without limitation, that your use is for the sole purpose of 
programming logic devices manufactured by Altera and sold by 
Altera or its authorized distributors.  Please refer to the 
applicable agreement for further details.



+---------------------------------------------------------------------------------------------------------------------------------------------------------------------------------------------------------------------------------------------------+
; Timing Analyzer Summary                                                                                                                                                                                                                           ;
+------------------------------+-------+---------------+----------------------------------+--------------------------------------------------+---------------------------------------------------------------+------------+----------+--------------+
; Type                         ; Slack ; Required Time ; Actual Time                      ; From                                             ; To                                                            ; From Clock ; To Clock ; Failed Paths ;
+------------------------------+-------+---------------+----------------------------------+--------------------------------------------------+---------------------------------------------------------------+------------+----------+--------------+
; Worst-case tsu               ; N/A   ; None          ; 9.000 ns                         ; ERROR_WORD[1]                                    ; SW_Count_Coder:Coder|Form_word:Form_word|OUT_WORD             ; --         ; CLK      ; 0            ;
; Worst-case tco               ; N/A   ; None          ; 16.700 ns                        ; SW_Count_Coder:Coder|Step_count:COUNT|counter[1] ; TEST_CODER[2]                                                 ; CLK        ; --       ; 0            ;
; Worst-case th                ; N/A   ; None          ; 5.900 ns                         ; ERROR_BUFFER[0]                                  ; SW_Count_Coder:Coder|Form_buffer:Form_buffer|buffer_temp_1[1] ; --         ; CLK      ; 0            ;
; Clock Setup: 'CLK'           ; N/A   ; None          ; 40.65 MHz ( period = 24.600 ns ) ; SW_Count_Coder:Coder|DIV_F2M:DIV|counter[2]      ; SW_Count_Coder:Coder|Form_word:Form_word|OUT_WORD             ; CLK        ; CLK      ; 0            ;
; Total number of failed paths ;       ;               ;                                  ;                                                  ;                                                               ;            ;          ; 0            ;
+------------------------------+-------+---------------+----------------------------------+--------------------------------------------------+---------------------------------------------------------------+------------+----------+--------------+


+--------------------------------------------------------------------------------------------------------------------+
; Timing Analyzer Settings                                                                                           ;
+---------------------------------------------------------------------+--------------------+------+----+-------------+
; Option                                                              ; Setting            ; From ; To ; Entity Name ;
+---------------------------------------------------------------------+--------------------+------+----+-------------+
; Device Name                                                         ; EPF10K30EFC256-3   ;      ;    ;             ;
; Timing Models                                                       ; Final              ;      ;    ;             ;
; Default hold multicycle                                             ; Same as Multicycle ;      ;    ;             ;
; Cut paths between unrelated clock domains                           ; On                 ;      ;    ;             ;
; Cut off read during write signal paths                              ; On                 ;      ;    ;             ;
; Cut off feedback from I/O pins                                      ; On                 ;      ;    ;             ;
; Report Combined Fast/Slow Timing                                    ; Off                ;      ;    ;             ;
; Ignore Clock Settings                                               ; Off                ;      ;    ;             ;
; Analyze latches as synchronous elements                             ; On                 ;      ;    ;             ;
; Enable Recovery/Removal analysis                                    ; Off                ;      ;    ;             ;
; Enable Clock Latency                                                ; Off                ;      ;    ;             ;
; Use TimeQuest Timing Analyzer                                       ; Off                ;      ;    ;             ;
; Minimum Core Junction Temperature                                   ; 0                  ;      ;    ;             ;
; Maximum Core Junction Temperature                                   ; 85                 ;      ;    ;             ;
; Number of source nodes to report per destination node               ; 10                 ;      ;    ;             ;
; Number of destination nodes to report                               ; 10                 ;      ;    ;             ;
; Number of paths to report                                           ; 200                ;      ;    ;             ;
; Report Minimum Timing Checks                                        ; Off                ;      ;    ;             ;
; Use Fast Timing Models                                              ; Off                ;      ;    ;             ;
; Report IO Paths Separately                                          ; Off                ;      ;    ;             ;
; Perform Multicorner Analysis                                        ; Off                ;      ;    ;             ;
; Reports the worst-case path for each clock domain and analysis      ; Off                ;      ;    ;             ;
; Removes common clock path pessimism (CCPP) during slack computation ; Off                ;      ;    ;             ;
; Output I/O Timing Endpoint                                          ; Near End           ;      ;    ;             ;
+---------------------------------------------------------------------+--------------------+------+----+-------------+


+------------------------------------------------------------------------------------------------------------------------------------------------------------------------------------+
; Clock Settings Summary                                                                                                                                                             ;
+-----------------+--------------------+----------+------------------+---------------+--------------+----------+-----------------------+---------------------+--------+--------------+
; Clock Node Name ; Clock Setting Name ; Type     ; Fmax Requirement ; Early Latency ; Late Latency ; Based on ; Multiply Base Fmax by ; Divide Base Fmax by ; Offset ; Phase offset ;
+-----------------+--------------------+----------+------------------+---------------+--------------+----------+-----------------------+---------------------+--------+--------------+
; CLK             ;                    ; User Pin ; None             ; 0.000 ns      ; 0.000 ns     ; --       ; N/A                   ; N/A                 ; N/A    ;              ;
+-----------------+--------------------+----------+------------------+---------------+--------------+----------+-----------------------+---------------------+--------+--------------+


Parallel compilation was disabled, but you have multiple processors available. Enable parallel compilation to reduce compilation time.
+-------------------------------------+
; Parallel Compilation                ;
+----------------------------+--------+
; Processors                 ; Number ;
+----------------------------+--------+
; Number detected on machine ; 2      ;
; Maximum allowed            ; 1      ;
+----------------------------+--------+


+--------------------------------------------------------------------------------------------------------------------------------------------------------------------------------------------------------------------------------------------------------------------------------------------------------------+
; Clock Setup: 'CLK'                                                                                                                                                                                                                                                                                           ;
+-------+------------------------------------------------+--------------------------------------------------------------------+--------------------------------------------------------------------+------------+----------+-----------------------------+---------------------------+-------------------------+
; Slack ; Actual fmax (period)                           ; From                                                               ; To                                                                 ; From Clock ; To Clock ; Required Setup Relationship ; Required Longest P2P Time ; Actual Longest P2P Time ;
+-------+------------------------------------------------+--------------------------------------------------------------------+--------------------------------------------------------------------+------------+----------+-----------------------------+---------------------------+-------------------------+
; N/A   ; 40.65 MHz ( period = 24.600 ns )               ; SW_Count_Coder:Coder|DIV_F2M:DIV|counter[0]                        ; SW_Count_Coder:Coder|Form_word:Form_word|OUT_WORD                  ; CLK        ; CLK      ; None                        ; None                      ; 13.400 ns               ;
; N/A   ; 40.65 MHz ( period = 24.600 ns )               ; SW_Count_Coder:Coder|DIV_F2M:DIV|counter[2]                        ; SW_Count_Coder:Coder|Form_word:Form_word|OUT_WORD                  ; CLK        ; CLK      ; None                        ; None                      ; 13.400 ns               ;
; N/A   ; 41.32 MHz ( period = 24.200 ns )               ; SW_Count_Coder:Coder|DIV_F2M:DIV|counter[1]                        ; SW_Count_Coder:Coder|Form_word:Form_word|OUT_WORD                  ; CLK        ; CLK      ; None                        ; None                      ; 13.200 ns               ;
; N/A   ; 46.73 MHz ( period = 21.400 ns )               ; SW_Count_Coder:Coder|Form_word:Form_word|OUT_WORD                  ; SW_Count_Decoder:DEecoder|Decoder_Reader:READ_WORD|sync_inner      ; CLK        ; CLK      ; None                        ; None                      ; 4.800 ns                ;
; N/A   ; 56.18 MHz ( period = 17.800 ns )               ; SW_Count_Coder:Coder|Form_word:Form_word|OUT_WORD                  ; SW_Count_Decoder:DEecoder|Decoder_Reader:READ_WORD|count[2]        ; CLK        ; CLK      ; None                        ; None                      ; 3.000 ns                ;
; N/A   ; 56.82 MHz ( period = 17.600 ns )               ; SW_Count_Coder:Coder|Form_word:Form_word|OUT_WORD                  ; SW_Count_Decoder:DEecoder|Decoder_Reader:READ_WORD|count[1]        ; CLK        ; CLK      ; None                        ; None                      ; 2.900 ns                ;
; N/A   ; 58.14 MHz ( period = 17.200 ns )               ; SW_Count_Coder:Coder|Form_word:Form_word|OUT_WORD                  ; SW_Count_Decoder:DEecoder|Decoder_Reader:READ_WORD|word_inner[0]   ; CLK        ; CLK      ; None                        ; None                      ; 2.700 ns                ;
; N/A   ; 58.14 MHz ( period = 17.200 ns )               ; SW_Count_Coder:Coder|Form_word:Form_word|OUT_WORD                  ; SW_Count_Decoder:DEecoder|Decoder_Reader:READ_WORD|word_inner[1]   ; CLK        ; CLK      ; None                        ; None                      ; 2.700 ns                ;
; N/A   ; 58.14 MHz ( period = 17.200 ns )               ; SW_Count_Coder:Coder|Form_word:Form_word|OUT_WORD                  ; SW_Count_Decoder:DEecoder|Decoder_Reader:READ_WORD|word_inner[2]   ; CLK        ; CLK      ; None                        ; None                      ; 2.700 ns                ;
; N/A   ; 58.14 MHz ( period = 17.200 ns )               ; SW_Count_Coder:Coder|Form_word:Form_word|OUT_WORD                  ; SW_Count_Decoder:DEecoder|Decoder_Reader:READ_WORD|count[0]        ; CLK        ; CLK      ; None                        ; None                      ; 2.700 ns                ;
; N/A   ; 63.29 MHz ( period = 15.800 ns )               ; SW_Count_Coder:Coder|Step_count:COUNT|counter[1]                   ; SW_Count_Coder:Coder|Form_buffer:Form_buffer|buffer_temp_1[0]      ; CLK        ; CLK      ; None                        ; None                      ; 6.800 ns                ;
; N/A   ; 64.10 MHz ( period = 15.600 ns )               ; SW_Count_Coder:Coder|Form_buffer:Form_buffer|buffer_temp_2[1]      ; SW_Count_Coder:Coder|Form_word:Form_word|OUT_WORD                  ; CLK        ; CLK      ; None                        ; None                      ; 11.300 ns               ;
; N/A   ; 64.94 MHz ( period = 15.400 ns )               ; SW_Count_Coder:Coder|Step_count:COUNT|counter[0]                   ; SW_Count_Coder:Coder|Form_buffer:Form_buffer|buffer_temp_1[0]      ; CLK        ; CLK      ; None                        ; None                      ; 6.600 ns                ;
; N/A   ; 65.36 MHz ( period = 15.300 ns )               ; SW_Count_Coder:Coder|Form_buffer:Form_buffer|buffer_temp_1[1]      ; SW_Count_Coder:Coder|Form_word:Form_word|OUT_WORD                  ; CLK        ; CLK      ; None                        ; None                      ; 11.000 ns               ;
; N/A   ; 70.42 MHz ( period = 14.200 ns )               ; SW_Count_Coder:Coder|Form_buffer:Form_buffer|buffer_temp_2[0]      ; SW_Count_Coder:Coder|Form_word:Form_word|OUT_WORD                  ; CLK        ; CLK      ; None                        ; None                      ; 9.900 ns                ;
; N/A   ; 70.92 MHz ( period = 14.100 ns )               ; SW_Count_Coder:Coder|Form_buffer:Form_buffer|buffer_temp_1[0]      ; SW_Count_Coder:Coder|Form_word:Form_word|OUT_WORD                  ; CLK        ; CLK      ; None                        ; None                      ; 9.800 ns                ;
; N/A   ; 77.52 MHz ( period = 12.900 ns )               ; SW_Count_Coder:Coder|Form_buffer:Form_buffer|buffer_temp_1[2]      ; SW_Count_Coder:Coder|Form_word:Form_word|OUT_WORD                  ; CLK        ; CLK      ; None                        ; None                      ; 8.600 ns                ;
; N/A   ; 78.13 MHz ( period = 12.800 ns )               ; SW_Count_Coder:Coder|Form_buffer:Form_buffer|buffer_temp_2[2]      ; SW_Count_Coder:Coder|Form_word:Form_word|OUT_WORD                  ; CLK        ; CLK      ; None                        ; None                      ; 8.500 ns                ;
; N/A   ; 83.33 MHz ( period = 12.000 ns )               ; SW_Count_Coder:Coder|Step_count:COUNT|counter[1]                   ; SW_Count_Coder:Coder|Form_buffer:Form_buffer|buffer_temp_2[0]      ; CLK        ; CLK      ; None                        ; None                      ; 4.900 ns                ;
; N/A   ; 86.21 MHz ( period = 11.600 ns )               ; SW_Count_Coder:Coder|Step_count:COUNT|counter[0]                   ; SW_Count_Coder:Coder|Form_buffer:Form_buffer|buffer_temp_2[0]      ; CLK        ; CLK      ; None                        ; None                      ; 4.700 ns                ;
; N/A   ; 98.04 MHz ( period = 10.200 ns )               ; SW_Count_Coder:Coder|DIV_F2M:DIV|number                            ; SW_Count_Coder:Coder|Form_word:Form_word|OUT_WORD                  ; CLK        ; CLK      ; None                        ; None                      ; 6.200 ns                ;
; N/A   ; 100.00 MHz ( period = 10.000 ns )              ; SW_Count_Coder:Coder|Step_count:COUNT|counter[2]                   ; SW_Count_Coder:Coder|Form_buffer:Form_buffer|buffer_temp_1[1]      ; CLK        ; CLK      ; None                        ; None                      ; 3.900 ns                ;
; N/A   ; 102.04 MHz ( period = 9.800 ns )               ; SW_Count_Coder:Coder|Step_count:COUNT|counter[2]                   ; SW_Count_Coder:Coder|Form_buffer:Form_buffer|buffer_temp_1[0]      ; CLK        ; CLK      ; None                        ; None                      ; 3.800 ns                ;
; N/A   ; 102.04 MHz ( period = 9.800 ns )               ; SW_Count_Coder:Coder|Step_count:COUNT|counter[1]                   ; SW_Count_Coder:Coder|Form_buffer:Form_buffer|buffer_temp_1[1]      ; CLK        ; CLK      ; None                        ; None                      ; 3.800 ns                ;
; N/A   ; 102.04 MHz ( period = 9.800 ns )               ; SW_Count_Coder:Coder|Step_count:COUNT|counter[1]                   ; SW_Count_Coder:Coder|Form_buffer:Form_buffer|buffer_temp_2[2]      ; CLK        ; CLK      ; None                        ; None                      ; 3.800 ns                ;
; N/A   ; 106.38 MHz ( period = 9.400 ns )               ; SW_Count_Coder:Coder|Step_count:COUNT|counter[0]                   ; SW_Count_Coder:Coder|Form_buffer:Form_buffer|buffer_temp_1[1]      ; CLK        ; CLK      ; None                        ; None                      ; 3.600 ns                ;
; N/A   ; 116.28 MHz ( period = 8.600 ns )               ; SW_Count_Coder:Coder|Step_count:COUNT|counter[1]                   ; SW_Count_Coder:Coder|Form_buffer:Form_buffer|buffer_temp_2[1]      ; CLK        ; CLK      ; None                        ; None                      ; 3.200 ns                ;
; N/A   ; 121.95 MHz ( period = 8.200 ns )               ; SW_Count_Decoder:DEecoder|Decoder_Reader:READ_WORD|count_status[0] ; SW_Count_Decoder:DEecoder|Decoder_Reader:READ_WORD|word_inner[0]   ; CLK        ; CLK      ; None                        ; None                      ; 7.100 ns                ;
; N/A   ; 121.95 MHz ( period = 8.200 ns )               ; SW_Count_Decoder:DEecoder|Decoder_Reader:READ_WORD|count_status[0] ; SW_Count_Decoder:DEecoder|Decoder_Reader:READ_WORD|word_inner[1]   ; CLK        ; CLK      ; None                        ; None                      ; 7.100 ns                ;
; N/A   ; 121.95 MHz ( period = 8.200 ns )               ; SW_Count_Decoder:DEecoder|Decoder_Reader:READ_WORD|count_status[0] ; SW_Count_Decoder:DEecoder|Decoder_Reader:READ_WORD|word_inner[2]   ; CLK        ; CLK      ; None                        ; None                      ; 7.100 ns                ;
; N/A   ; 121.95 MHz ( period = 8.200 ns )               ; SW_Count_Coder:Coder|Step_count:COUNT|counter[0]                   ; SW_Count_Coder:Coder|Form_buffer:Form_buffer|buffer_temp_2[1]      ; CLK        ; CLK      ; None                        ; None                      ; 3.000 ns                ;
; N/A   ; 125.00 MHz ( period = 8.000 ns )               ; SW_Count_Decoder:DEecoder|Decoder_Reader:READ_WORD|sync_inner      ; SW_Count_Decoder:DEecoder|Decoder_Reader:READ_WORD|word_inner[0]   ; CLK        ; CLK      ; None                        ; None                      ; 6.900 ns                ;
; N/A   ; 125.00 MHz ( period = 8.000 ns )               ; SW_Count_Decoder:DEecoder|Decoder_Reader:READ_WORD|sync_inner      ; SW_Count_Decoder:DEecoder|Decoder_Reader:READ_WORD|word_inner[1]   ; CLK        ; CLK      ; None                        ; None                      ; 6.900 ns                ;
; N/A   ; 125.00 MHz ( period = 8.000 ns )               ; SW_Count_Decoder:DEecoder|Decoder_Reader:READ_WORD|sync_inner      ; SW_Count_Decoder:DEecoder|Decoder_Reader:READ_WORD|word_inner[2]   ; CLK        ; CLK      ; None                        ; None                      ; 6.900 ns                ;
; N/A   ; 151.52 MHz ( period = 6.600 ns )               ; SW_Count_Coder:Coder|Step_count:COUNT|counter[1]                   ; SW_Count_Coder:Coder|Form_buffer:Form_buffer|buffer_temp_1[2]      ; CLK        ; CLK      ; None                        ; None                      ; 2.200 ns                ;
; N/A   ; 156.25 MHz ( period = 6.400 ns )               ; SW_Count_Coder:Coder|Step_count:COUNT|counter[2]                   ; SW_Count_Coder:Coder|Form_buffer:Form_buffer|buffer_temp_1[2]      ; CLK        ; CLK      ; None                        ; None                      ; 2.100 ns                ;
; N/A   ; 158.73 MHz ( period = 6.300 ns )               ; SW_Count_Decoder:DEecoder|Decoder_Reader:READ_WORD|count_status[0] ; SW_Count_Decoder:DEecoder|Decoder_Reader:READ_WORD|OUT_WORD[0]     ; CLK        ; CLK      ; None                        ; None                      ; 5.200 ns                ;
; N/A   ; 158.73 MHz ( period = 6.300 ns )               ; SW_Count_Decoder:DEecoder|Decoder_Reader:READ_WORD|count_status[0] ; SW_Count_Decoder:DEecoder|Decoder_Reader:READ_WORD|OUT_WORD[1]     ; CLK        ; CLK      ; None                        ; None                      ; 5.200 ns                ;
; N/A   ; 158.73 MHz ( period = 6.300 ns )               ; SW_Count_Decoder:DEecoder|Decoder_Reader:READ_WORD|count_status[0] ; SW_Count_Decoder:DEecoder|Decoder_Reader:READ_WORD|OUT_WORD[2]     ; CLK        ; CLK      ; None                        ; None                      ; 5.200 ns                ;
; N/A   ; 163.93 MHz ( period = 6.100 ns )               ; SW_Count_Decoder:DEecoder|Decoder_Reader:READ_WORD|sync_inner      ; SW_Count_Decoder:DEecoder|Decoder_Reader:READ_WORD|OUT_WORD[0]     ; CLK        ; CLK      ; None                        ; None                      ; 5.000 ns                ;
; N/A   ; 163.93 MHz ( period = 6.100 ns )               ; SW_Count_Decoder:DEecoder|Decoder_Reader:READ_WORD|sync_inner      ; SW_Count_Decoder:DEecoder|Decoder_Reader:READ_WORD|OUT_WORD[1]     ; CLK        ; CLK      ; None                        ; None                      ; 5.000 ns                ;
; N/A   ; 163.93 MHz ( period = 6.100 ns )               ; SW_Count_Decoder:DEecoder|Decoder_Reader:READ_WORD|sync_inner      ; SW_Count_Decoder:DEecoder|Decoder_Reader:READ_WORD|OUT_WORD[2]     ; CLK        ; CLK      ; None                        ; None                      ; 5.000 ns                ;
; N/A   ; 166.67 MHz ( period = 6.000 ns )               ; SW_Count_Coder:Coder|Step_count:COUNT|counter[2]                   ; SW_Count_Coder:Coder|Form_buffer:Form_buffer|buffer_temp_2[2]      ; CLK        ; CLK      ; None                        ; None                      ; 1.900 ns                ;
; N/A   ; 188.68 MHz ( period = 5.300 ns )               ; SW_Count_Decoder:DEecoder|Decoder_Reader:READ_WORD|count_status[1] ; SW_Count_Decoder:DEecoder|Decoder_Reader:READ_WORD|OUT_WORD[0]     ; CLK        ; CLK      ; None                        ; None                      ; 4.200 ns                ;
; N/A   ; 188.68 MHz ( period = 5.300 ns )               ; SW_Count_Decoder:DEecoder|Decoder_Reader:READ_WORD|count_status[1] ; SW_Count_Decoder:DEecoder|Decoder_Reader:READ_WORD|OUT_WORD[1]     ; CLK        ; CLK      ; None                        ; None                      ; 4.200 ns                ;
; N/A   ; 188.68 MHz ( period = 5.300 ns )               ; SW_Count_Decoder:DEecoder|Decoder_Reader:READ_WORD|count_status[1] ; SW_Count_Decoder:DEecoder|Decoder_Reader:READ_WORD|OUT_WORD[2]     ; CLK        ; CLK      ; None                        ; None                      ; 4.200 ns                ;
; N/A   ; 192.31 MHz ( period = 5.200 ns )               ; SW_Count_Decoder:DEecoder|Decoder_Reader:READ_WORD|count_status[2] ; SW_Count_Decoder:DEecoder|Decoder_Reader:READ_WORD|OUT_WORD[0]     ; CLK        ; CLK      ; None                        ; None                      ; 4.100 ns                ;
; N/A   ; 192.31 MHz ( period = 5.200 ns )               ; SW_Count_Decoder:DEecoder|Decoder_Reader:READ_WORD|count_status[2] ; SW_Count_Decoder:DEecoder|Decoder_Reader:READ_WORD|word_inner[0]   ; CLK        ; CLK      ; None                        ; None                      ; 4.100 ns                ;
; N/A   ; 192.31 MHz ( period = 5.200 ns )               ; SW_Count_Decoder:DEecoder|Decoder_Reader:READ_WORD|count_status[2] ; SW_Count_Decoder:DEecoder|Decoder_Reader:READ_WORD|OUT_WORD[1]     ; CLK        ; CLK      ; None                        ; None                      ; 4.100 ns                ;
; N/A   ; 192.31 MHz ( period = 5.200 ns )               ; SW_Count_Decoder:DEecoder|Decoder_Reader:READ_WORD|count_status[1] ; SW_Count_Decoder:DEecoder|Decoder_Reader:READ_WORD|word_inner[1]   ; CLK        ; CLK      ; None                        ; None                      ; 4.100 ns                ;
; N/A   ; 192.31 MHz ( period = 5.200 ns )               ; SW_Count_Decoder:DEecoder|Decoder_Reader:READ_WORD|count_status[2] ; SW_Count_Decoder:DEecoder|Decoder_Reader:READ_WORD|OUT_WORD[2]     ; CLK        ; CLK      ; None                        ; None                      ; 4.100 ns                ;
; N/A   ; 192.31 MHz ( period = 5.200 ns )               ; SW_Count_Decoder:DEecoder|Decoder_Reader:READ_WORD|count_status[1] ; SW_Count_Decoder:DEecoder|Decoder_Reader:READ_WORD|word_inner[2]   ; CLK        ; CLK      ; None                        ; None                      ; 4.100 ns                ;
; N/A   ; 196.08 MHz ( period = 5.100 ns )               ; SW_Count_Coder:Coder|DIV_F2M:DIV|counter[0]                        ; SW_Count_Coder:Coder|DIV_F2M:DIV|F2M                               ; CLK        ; CLK      ; None                        ; None                      ; 4.000 ns                ;
; N/A   ; 196.08 MHz ( period = 5.100 ns )               ; SW_Count_Coder:Coder|DIV_F2M:DIV|counter[1]                        ; SW_Count_Coder:Coder|DIV_F2M:DIV|F2M                               ; CLK        ; CLK      ; None                        ; None                      ; 4.000 ns                ;
; N/A   ; 196.08 MHz ( period = 5.100 ns )               ; SW_Count_Coder:Coder|DIV_F2M:DIV|counter[2]                        ; SW_Count_Coder:Coder|DIV_F2M:DIV|F2M                               ; CLK        ; CLK      ; None                        ; None                      ; 4.000 ns                ;
; N/A   ; 196.08 MHz ( period = 5.100 ns )               ; SW_Count_Coder:Coder|DIV_F2M:DIV|counter[0]                        ; SW_Count_Coder:Coder|DIV_F2M:DIV|number                            ; CLK        ; CLK      ; None                        ; None                      ; 4.000 ns                ;
; N/A   ; 196.08 MHz ( period = 5.100 ns )               ; SW_Count_Coder:Coder|DIV_F2M:DIV|counter[1]                        ; SW_Count_Coder:Coder|DIV_F2M:DIV|number                            ; CLK        ; CLK      ; None                        ; None                      ; 4.000 ns                ;
; N/A   ; 196.08 MHz ( period = 5.100 ns )               ; SW_Count_Coder:Coder|DIV_F2M:DIV|counter[0]                        ; SW_Count_Coder:Coder|DIV_F2M:DIV|F2M~3                             ; CLK        ; CLK      ; None                        ; None                      ; 4.000 ns                ;
; N/A   ; 196.08 MHz ( period = 5.100 ns )               ; SW_Count_Coder:Coder|DIV_F2M:DIV|counter[1]                        ; SW_Count_Coder:Coder|DIV_F2M:DIV|F2M~3                             ; CLK        ; CLK      ; None                        ; None                      ; 4.000 ns                ;
; N/A   ; 196.08 MHz ( period = 5.100 ns )               ; SW_Count_Coder:Coder|DIV_F2M:DIV|counter[2]                        ; SW_Count_Coder:Coder|DIV_F2M:DIV|F2M~3                             ; CLK        ; CLK      ; None                        ; None                      ; 4.000 ns                ;
; N/A   ; 200.00 MHz ( period = 5.000 ns )               ; SW_Count_Decoder:DEecoder|Decoder_Reader:READ_WORD|count_status[1] ; SW_Count_Decoder:DEecoder|Decoder_Reader:READ_WORD|word_inner[0]   ; CLK        ; CLK      ; None                        ; None                      ; 3.900 ns                ;
; N/A   ; 200.00 MHz ( period = 5.000 ns )               ; SW_Count_Decoder:DEecoder|Decoder_Reader:READ_WORD|count_status[2] ; SW_Count_Decoder:DEecoder|Decoder_Reader:READ_WORD|word_inner[1]   ; CLK        ; CLK      ; None                        ; None                      ; 3.900 ns                ;
; N/A   ; 200.00 MHz ( period = 5.000 ns )               ; SW_Count_Decoder:DEecoder|Decoder_Reader:READ_WORD|count_status[2] ; SW_Count_Decoder:DEecoder|Decoder_Reader:READ_WORD|word_inner[2]   ; CLK        ; CLK      ; None                        ; None                      ; 3.900 ns                ;
; N/A   ; Restricted to 200.00 MHz ( period = 5.000 ns ) ; SW_Count_Coder:Coder|Form_buffer:Form_buffer|buffer_temp_1[0]      ; SW_Count_Coder:Coder|Form_buffer:Form_buffer|buffer_temp_1[0]      ; CLK        ; CLK      ; None                        ; None                      ; 3.800 ns                ;
; N/A   ; Restricted to 200.00 MHz ( period = 5.000 ns ) ; SW_Count_Coder:Coder|DIV_F2M:DIV|counter[2]                        ; SW_Count_Coder:Coder|DIV_F2M:DIV|number                            ; CLK        ; CLK      ; None                        ; None                      ; 3.800 ns                ;
; N/A   ; Restricted to 200.00 MHz ( period = 5.000 ns ) ; SW_Count_Decoder:DEecoder|Decoder_Reader:READ_WORD|count[0]        ; SW_Count_Decoder:DEecoder|Decoder_Reader:READ_WORD|sync_inner      ; CLK        ; CLK      ; None                        ; None                      ; 3.300 ns                ;
; N/A   ; Restricted to 200.00 MHz ( period = 5.000 ns ) ; SW_Count_Coder:Coder|Step_count:COUNT|counter[1]                   ; SW_Count_Coder:Coder|Step_count:COUNT|counter[1]                   ; CLK        ; CLK      ; None                        ; None                      ; 3.300 ns                ;
; N/A   ; Restricted to 200.00 MHz ( period = 5.000 ns ) ; SW_Count_Coder:Coder|Step_count:COUNT|counter[2]                   ; SW_Count_Coder:Coder|Form_buffer:Form_buffer|buffer_temp_2[0]      ; CLK        ; CLK      ; None                        ; None                      ; 1.100 ns                ;
; N/A   ; Restricted to 200.00 MHz ( period = 5.000 ns ) ; SW_Count_Coder:Coder|Step_count:COUNT|counter[2]                   ; SW_Count_Coder:Coder|Form_buffer:Form_buffer|buffer_temp_2[1]      ; CLK        ; CLK      ; None                        ; None                      ; 1.100 ns                ;
; N/A   ; Restricted to 200.00 MHz ( period = 5.000 ns ) ; SW_Count_Decoder:DEecoder|Decoder_Reader:READ_WORD|count[1]        ; SW_Count_Decoder:DEecoder|Decoder_Reader:READ_WORD|sync_inner      ; CLK        ; CLK      ; None                        ; None                      ; 3.200 ns                ;
; N/A   ; Restricted to 200.00 MHz ( period = 5.000 ns ) ; SW_Count_Coder:Coder|Step_count:COUNT|counter[0]                   ; SW_Count_Coder:Coder|Step_count:COUNT|counter[1]                   ; CLK        ; CLK      ; None                        ; None                      ; 3.100 ns                ;
; N/A   ; Restricted to 200.00 MHz ( period = 5.000 ns ) ; SW_Count_Decoder:DEecoder|Decoder_Reader:READ_WORD|count[2]        ; SW_Count_Decoder:DEecoder|Decoder_Reader:READ_WORD|sync_inner      ; CLK        ; CLK      ; None                        ; None                      ; 3.000 ns                ;
; N/A   ; Restricted to 200.00 MHz ( period = 5.000 ns ) ; SW_Count_Coder:Coder|Form_buffer:Form_buffer|buffer_temp_1[1]      ; SW_Count_Coder:Coder|Form_buffer:Form_buffer|buffer_temp_1[1]      ; CLK        ; CLK      ; None                        ; None                      ; 3.000 ns                ;
; N/A   ; Restricted to 200.00 MHz ( period = 5.000 ns ) ; SW_Count_Decoder:DEecoder|Decoder_Reader:READ_WORD|sync_inner      ; SW_Count_Decoder:DEecoder|Decoder_Reader:READ_WORD|count_status[1] ; CLK        ; CLK      ; None                        ; None                      ; 2.400 ns                ;
; N/A   ; Restricted to 200.00 MHz ( period = 5.000 ns ) ; SW_Count_Decoder:DEecoder|Decoder_Reader:READ_WORD|count_status[0] ; SW_Count_Decoder:DEecoder|Decoder_Reader:READ_WORD|count_status[2] ; CLK        ; CLK      ; None                        ; None                      ; 2.400 ns                ;
; N/A   ; Restricted to 200.00 MHz ( period = 5.000 ns ) ; SW_Count_Decoder:DEecoder|Decoder_Reader:READ_WORD|sync_inner      ; SW_Count_Decoder:DEecoder|Decoder_Reader:READ_WORD|count_status[2] ; CLK        ; CLK      ; None                        ; None                      ; 2.400 ns                ;
; N/A   ; Restricted to 200.00 MHz ( period = 5.000 ns ) ; SW_Count_Decoder:DEecoder|Decoder_Reader:READ_WORD|count_status[0] ; SW_Count_Decoder:DEecoder|Decoder_Reader:READ_WORD|SYNC            ; CLK        ; CLK      ; None                        ; None                      ; 2.400 ns                ;
; N/A   ; Restricted to 200.00 MHz ( period = 5.000 ns ) ; SW_Count_Decoder:DEecoder|Decoder_Reader:READ_WORD|sync_inner      ; SW_Count_Decoder:DEecoder|Decoder_Reader:READ_WORD|SYNC            ; CLK        ; CLK      ; None                        ; None                      ; 2.400 ns                ;
; N/A   ; Restricted to 200.00 MHz ( period = 5.000 ns ) ; SW_Count_Decoder:DEecoder|Decoder_Reader:READ_WORD|count_status[0] ; SW_Count_Decoder:DEecoder|Decoder_Reader:READ_WORD|count_status[1] ; CLK        ; CLK      ; None                        ; None                      ; 2.200 ns                ;
; N/A   ; Restricted to 200.00 MHz ( period = 5.000 ns ) ; SW_Count_Coder:Coder|Step_count:COUNT|counter[0]                   ; SW_Count_Coder:Coder|Step_count:COUNT|counter[0]                   ; CLK        ; CLK      ; None                        ; None                      ; 1.400 ns                ;
; N/A   ; Restricted to 200.00 MHz ( period = 5.000 ns ) ; SW_Count_Coder:Coder|Step_count:COUNT|counter[1]                   ; SW_Count_Coder:Coder|Step_count:COUNT|counter[2]                   ; CLK        ; CLK      ; None                        ; None                      ; 1.400 ns                ;
; N/A   ; Restricted to 200.00 MHz ( period = 5.000 ns ) ; SW_Count_Decoder:DEecoder|Decoder_Reader:READ_WORD|count[1]        ; SW_Count_Decoder:DEecoder|Decoder_Reader:READ_WORD|count[0]        ; CLK        ; CLK      ; None                        ; None                      ; 1.400 ns                ;
; N/A   ; Restricted to 200.00 MHz ( period = 5.000 ns ) ; SW_Count_Decoder:DEecoder|Decoder_Reader:READ_WORD|count_status[1] ; SW_Count_Decoder:DEecoder|Decoder_Reader:READ_WORD|count_status[1] ; CLK        ; CLK      ; None                        ; None                      ; 1.300 ns                ;
; N/A   ; Restricted to 200.00 MHz ( period = 5.000 ns ) ; SW_Count_Decoder:DEecoder|Decoder_Reader:READ_WORD|count_status[1] ; SW_Count_Decoder:DEecoder|Decoder_Reader:READ_WORD|count_status[2] ; CLK        ; CLK      ; None                        ; None                      ; 1.300 ns                ;
; N/A   ; Restricted to 200.00 MHz ( period = 5.000 ns ) ; SW_Count_Decoder:DEecoder|Decoder_Reader:READ_WORD|sync_inner      ; SW_Count_Decoder:DEecoder|Decoder_Reader:READ_WORD|count_status[0] ; CLK        ; CLK      ; None                        ; None                      ; 1.300 ns                ;
; N/A   ; Restricted to 200.00 MHz ( period = 5.000 ns ) ; SW_Count_Coder:Coder|Step_count:COUNT|counter[2]                   ; SW_Count_Coder:Coder|Step_count:COUNT|counter[2]                   ; CLK        ; CLK      ; None                        ; None                      ; 1.300 ns                ;
; N/A   ; Restricted to 200.00 MHz ( period = 5.000 ns ) ; SW_Count_Coder:Coder|Form_buffer:Form_buffer|buffer_temp_1[2]      ; SW_Count_Coder:Coder|Form_buffer:Form_buffer|buffer_temp_1[2]      ; CLK        ; CLK      ; None                        ; None                      ; 1.300 ns                ;
; N/A   ; Restricted to 200.00 MHz ( period = 5.000 ns ) ; SW_Count_Coder:Coder|DIV_F2M:DIV|counter[0]                        ; SW_Count_Coder:Coder|DIV_F2M:DIV|counter[1]                        ; CLK        ; CLK      ; None                        ; None                      ; 1.300 ns                ;
; N/A   ; Restricted to 200.00 MHz ( period = 5.000 ns ) ; SW_Count_Coder:Coder|DIV_F2M:DIV|counter[0]                        ; SW_Count_Coder:Coder|DIV_F2M:DIV|counter[2]                        ; CLK        ; CLK      ; None                        ; None                      ; 1.300 ns                ;
; N/A   ; Restricted to 200.00 MHz ( period = 5.000 ns ) ; SW_Count_Coder:Coder|DIV_F2M:DIV|counter[1]                        ; SW_Count_Coder:Coder|DIV_F2M:DIV|counter[2]                        ; CLK        ; CLK      ; None                        ; None                      ; 1.300 ns                ;
; N/A   ; Restricted to 200.00 MHz ( period = 5.000 ns ) ; SW_Count_Decoder:DEecoder|Decoder_Reader:READ_WORD|count_status[1] ; SW_Count_Decoder:DEecoder|Decoder_Reader:READ_WORD|SYNC            ; CLK        ; CLK      ; None                        ; None                      ; 1.300 ns                ;
; N/A   ; Restricted to 200.00 MHz ( period = 5.000 ns ) ; SW_Count_Decoder:DEecoder|Decoder_Reader:READ_WORD|count[1]        ; SW_Count_Decoder:DEecoder|Decoder_Reader:READ_WORD|count[2]        ; CLK        ; CLK      ; None                        ; None                      ; 1.300 ns                ;
; N/A   ; Restricted to 200.00 MHz ( period = 5.000 ns ) ; SW_Count_Decoder:DEecoder|Decoder_Reader:READ_WORD|count[0]        ; SW_Count_Decoder:DEecoder|Decoder_Reader:READ_WORD|count[2]        ; CLK        ; CLK      ; None                        ; None                      ; 1.300 ns                ;
; N/A   ; Restricted to 200.00 MHz ( period = 5.000 ns ) ; SW_Count_Decoder:DEecoder|Decoder_Reader:READ_WORD|count[0]        ; SW_Count_Decoder:DEecoder|Decoder_Reader:READ_WORD|count[1]        ; CLK        ; CLK      ; None                        ; None                      ; 1.300 ns                ;
; N/A   ; Restricted to 200.00 MHz ( period = 5.000 ns ) ; SW_Count_Decoder:DEecoder|Decoder_Reader:READ_WORD|count[2]        ; SW_Count_Decoder:DEecoder|Decoder_Reader:READ_WORD|count[0]        ; CLK        ; CLK      ; None                        ; None                      ; 1.300 ns                ;
; N/A   ; Restricted to 200.00 MHz ( period = 5.000 ns ) ; SW_Count_Decoder:DEecoder|Decoder_Reader:READ_WORD|count[0]        ; SW_Count_Decoder:DEecoder|Decoder_Reader:READ_WORD|count[0]        ; CLK        ; CLK      ; None                        ; None                      ; 1.300 ns                ;
; N/A   ; Restricted to 200.00 MHz ( period = 5.000 ns ) ; SW_Count_Decoder:DEecoder|Decoder_Reader:READ_WORD|word_inner[0]   ; SW_Count_Decoder:DEecoder|Decoder_Reader:READ_WORD|OUT_WORD[0]     ; CLK        ; CLK      ; None                        ; None                      ; 1.100 ns                ;
; N/A   ; Restricted to 200.00 MHz ( period = 5.000 ns ) ; SW_Count_Decoder:DEecoder|Decoder_Reader:READ_WORD|word_inner[1]   ; SW_Count_Decoder:DEecoder|Decoder_Reader:READ_WORD|OUT_WORD[1]     ; CLK        ; CLK      ; None                        ; None                      ; 1.100 ns                ;
; N/A   ; Restricted to 200.00 MHz ( period = 5.000 ns ) ; SW_Count_Decoder:DEecoder|Decoder_Reader:READ_WORD|count_status[2] ; SW_Count_Decoder:DEecoder|Decoder_Reader:READ_WORD|count_status[2] ; CLK        ; CLK      ; None                        ; None                      ; 1.100 ns                ;
; N/A   ; Restricted to 200.00 MHz ( period = 5.000 ns ) ; SW_Count_Decoder:DEecoder|Decoder_Reader:READ_WORD|count_status[0] ; SW_Count_Decoder:DEecoder|Decoder_Reader:READ_WORD|count_status[0] ; CLK        ; CLK      ; None                        ; None                      ; 1.100 ns                ;
; N/A   ; Restricted to 200.00 MHz ( period = 5.000 ns ) ; SW_Count_Decoder:DEecoder|Decoder_Reader:READ_WORD|word_inner[2]   ; SW_Count_Decoder:DEecoder|Decoder_Reader:READ_WORD|OUT_WORD[2]     ; CLK        ; CLK      ; None                        ; None                      ; 1.100 ns                ;
; N/A   ; Restricted to 200.00 MHz ( period = 5.000 ns ) ; SW_Count_Coder:Coder|DIV_F2M:DIV|F2M                               ; SW_Count_Coder:Coder|DIV_F2M:DIV|F2M                               ; CLK        ; CLK      ; None                        ; None                      ; 1.100 ns                ;
; N/A   ; Restricted to 200.00 MHz ( period = 5.000 ns ) ; SW_Count_Coder:Coder|Step_count:COUNT|counter[1]                   ; SW_Count_Coder:Coder|Step_count:COUNT|counter[0]                   ; CLK        ; CLK      ; None                        ; None                      ; 1.100 ns                ;
; N/A   ; Restricted to 200.00 MHz ( period = 5.000 ns ) ; SW_Count_Coder:Coder|DIV_F2M:DIV|number                            ; SW_Count_Coder:Coder|DIV_F2M:DIV|number                            ; CLK        ; CLK      ; None                        ; None                      ; 1.100 ns                ;
; N/A   ; Restricted to 200.00 MHz ( period = 5.000 ns ) ; SW_Count_Coder:Coder|DIV_F2M:DIV|counter[0]                        ; SW_Count_Coder:Coder|DIV_F2M:DIV|counter[0]                        ; CLK        ; CLK      ; None                        ; None                      ; 1.100 ns                ;
; N/A   ; Restricted to 200.00 MHz ( period = 5.000 ns ) ; SW_Count_Coder:Coder|DIV_F2M:DIV|counter[1]                        ; SW_Count_Coder:Coder|DIV_F2M:DIV|counter[1]                        ; CLK        ; CLK      ; None                        ; None                      ; 1.100 ns                ;
; N/A   ; Restricted to 200.00 MHz ( period = 5.000 ns ) ; SW_Count_Coder:Coder|DIV_F2M:DIV|counter[2]                        ; SW_Count_Coder:Coder|DIV_F2M:DIV|counter[2]                        ; CLK        ; CLK      ; None                        ; None                      ; 1.100 ns                ;
; N/A   ; Restricted to 200.00 MHz ( period = 5.000 ns ) ; SW_Count_Decoder:DEecoder|Decoder_Reader:READ_WORD|count_status[2] ; SW_Count_Decoder:DEecoder|Decoder_Reader:READ_WORD|SYNC            ; CLK        ; CLK      ; None                        ; None                      ; 1.100 ns                ;
; N/A   ; Restricted to 200.00 MHz ( period = 5.000 ns ) ; SW_Count_Decoder:DEecoder|Decoder_Reader:READ_WORD|count[2]        ; SW_Count_Decoder:DEecoder|Decoder_Reader:READ_WORD|count[2]        ; CLK        ; CLK      ; None                        ; None                      ; 1.100 ns                ;
; N/A   ; Restricted to 200.00 MHz ( period = 5.000 ns ) ; SW_Count_Decoder:DEecoder|Decoder_Reader:READ_WORD|count[1]        ; SW_Count_Decoder:DEecoder|Decoder_Reader:READ_WORD|count[1]        ; CLK        ; CLK      ; None                        ; None                      ; 1.100 ns                ;
; N/A   ; Restricted to 200.00 MHz ( period = 5.000 ns ) ; SW_Count_Coder:Coder|DIV_F2M:DIV|F2M                               ; SW_Count_Coder:Coder|DIV_F2M:DIV|F2M~3                             ; CLK        ; CLK      ; None                        ; None                      ; 1.100 ns                ;
+-------+------------------------------------------------+--------------------------------------------------------------------+--------------------------------------------------------------------+------------+----------+-----------------------------+---------------------------+-------------------------+


+------------------------------------------------------------------------------------------------------------------------------------+
; tsu                                                                                                                                ;
+-------+--------------+------------+------------------+------------------------------------------------------------------+----------+
; Slack ; Required tsu ; Actual tsu ; From             ; To                                                               ; To Clock ;
+-------+--------------+------------+------------------+------------------------------------------------------------------+----------+
; N/A   ; None         ; 9.000 ns   ; ERROR_WORD[1]    ; SW_Count_Coder:Coder|Form_word:Form_word|OUT_WORD                ; CLK      ;
; N/A   ; None         ; 8.900 ns   ; ERROR_WORD[0]    ; SW_Count_Coder:Coder|Form_word:Form_word|OUT_WORD                ; CLK      ;
; N/A   ; None         ; 6.400 ns   ; RES              ; SW_Count_Decoder:DEecoder|Decoder_Reader:READ_WORD|word_inner[0] ; CLK      ;
; N/A   ; None         ; 6.400 ns   ; RES              ; SW_Count_Decoder:DEecoder|Decoder_Reader:READ_WORD|word_inner[1] ; CLK      ;
; N/A   ; None         ; 6.400 ns   ; RES              ; SW_Count_Decoder:DEecoder|Decoder_Reader:READ_WORD|word_inner[2] ; CLK      ;
; N/A   ; None         ; 3.400 ns   ; ERROR_BUFFER[1]  ; SW_Count_Coder:Coder|Form_buffer:Form_buffer|buffer_temp_1[0]    ; CLK      ;
; N/A   ; None         ; 2.300 ns   ; ERROR_BUFFER[1]  ; SW_Count_Coder:Coder|Form_buffer:Form_buffer|buffer_temp_1[2]    ; CLK      ;
; N/A   ; None         ; 1.100 ns   ; ERROR_COUNTER[1] ; SW_Count_Coder:Coder|Step_count:COUNT|counter[0]                 ; CLK      ;
; N/A   ; None         ; 1.100 ns   ; ERROR_COUNTER[1] ; SW_Count_Coder:Coder|Step_count:COUNT|counter[1]                 ; CLK      ;
; N/A   ; None         ; 1.100 ns   ; ERROR_COUNTER[0] ; SW_Count_Coder:Coder|Step_count:COUNT|counter[0]                 ; CLK      ;
; N/A   ; None         ; 1.100 ns   ; ERROR_COUNTER[0] ; SW_Count_Coder:Coder|Step_count:COUNT|counter[1]                 ; CLK      ;
; N/A   ; None         ; 1.100 ns   ; ERROR_COUNTER[0] ; SW_Count_Coder:Coder|Step_count:COUNT|counter[2]                 ; CLK      ;
; N/A   ; None         ; 0.900 ns   ; ERROR_COUNTER[1] ; SW_Count_Coder:Coder|Step_count:COUNT|counter[2]                 ; CLK      ;
; N/A   ; None         ; 0.700 ns   ; ERROR_BUFFER[1]  ; SW_Count_Coder:Coder|Form_buffer:Form_buffer|buffer_temp_1[1]    ; CLK      ;
; N/A   ; None         ; -1.300 ns  ; ERROR_BUFFER[0]  ; SW_Count_Coder:Coder|Form_buffer:Form_buffer|buffer_temp_1[0]    ; CLK      ;
; N/A   ; None         ; -2.100 ns  ; ERROR_BUFFER[0]  ; SW_Count_Coder:Coder|Form_buffer:Form_buffer|buffer_temp_1[2]    ; CLK      ;
; N/A   ; None         ; -4.000 ns  ; ERROR_BUFFER[0]  ; SW_Count_Coder:Coder|Form_buffer:Form_buffer|buffer_temp_1[1]    ; CLK      ;
+-------+--------------+------------+------------------+------------------------------------------------------------------+----------+


+-----------------------------------------------------------------------------------------------------------------------------------+
; tco                                                                                                                               ;
+-------+--------------+------------+----------------------------------------------------------------+-----------------+------------+
; Slack ; Required tco ; Actual tco ; From                                                           ; To              ; From Clock ;
+-------+--------------+------------+----------------------------------------------------------------+-----------------+------------+
; N/A   ; None         ; 16.700 ns  ; SW_Count_Coder:Coder|Step_count:COUNT|counter[2]               ; TEST_CODER[3]   ; CLK        ;
; N/A   ; None         ; 16.700 ns  ; SW_Count_Coder:Coder|Step_count:COUNT|counter[1]               ; TEST_CODER[2]   ; CLK        ;
; N/A   ; None         ; 16.600 ns  ; SW_Count_Coder:Coder|Form_buffer:Form_buffer|buffer_temp_2[0]  ; TEST_CODER[7]   ; CLK        ;
; N/A   ; None         ; 16.600 ns  ; SW_Count_Coder:Coder|Step_count:COUNT|counter[0]               ; TEST_CODER[1]   ; CLK        ;
; N/A   ; None         ; 15.900 ns  ; SW_Count_Coder:Coder|Form_word:Form_word|OUT_WORD              ; TEST_CODER[11]  ; CLK        ;
; N/A   ; None         ; 15.900 ns  ; SW_Count_Coder:Coder|Form_buffer:Form_buffer|buffer_temp_2[2]  ; TEST_CODER[9]   ; CLK        ;
; N/A   ; None         ; 15.900 ns  ; SW_Count_Coder:Coder|Form_buffer:Form_buffer|buffer_temp_2[1]  ; TEST_CODER[8]   ; CLK        ;
; N/A   ; None         ; 15.900 ns  ; SW_Count_Coder:Coder|Form_buffer:Form_buffer|buffer_temp_1[2]  ; TEST_CODER[6]   ; CLK        ;
; N/A   ; None         ; 15.800 ns  ; SW_Count_Coder:Coder|Form_buffer:Form_buffer|buffer_temp_1[0]  ; TEST_CODER[4]   ; CLK        ;
; N/A   ; None         ; 15.500 ns  ; SW_Count_Coder:Coder|Form_buffer:Form_buffer|buffer_temp_1[1]  ; TEST_CODER[5]   ; CLK        ;
; N/A   ; None         ; 11.400 ns  ; SW_Count_Coder:Coder|DIV_F2M:DIV|number                        ; TEST_CODER[10]  ; CLK        ;
; N/A   ; None         ; 10.600 ns  ; SW_Count_Decoder:DEecoder|Decoder_Reader:READ_WORD|SYNC        ; TEST_DECODER[1] ; CLK        ;
; N/A   ; None         ; 10.500 ns  ; SW_Count_Coder:Coder|DIV_F2M:DIV|F2M~3                         ; TEST_DECODER[0] ; CLK        ;
; N/A   ; None         ; 10.400 ns  ; SW_Count_Decoder:DEecoder|Decoder_Reader:READ_WORD|OUT_WORD[2] ; OUT_COUNT[2]    ; CLK        ;
; N/A   ; None         ; 10.400 ns  ; SW_Count_Decoder:DEecoder|Decoder_Reader:READ_WORD|OUT_WORD[1] ; OUT_COUNT[1]    ; CLK        ;
; N/A   ; None         ; 10.100 ns  ; SW_Count_Decoder:DEecoder|Decoder_Reader:READ_WORD|OUT_WORD[0] ; OUT_COUNT[0]    ; CLK        ;
; N/A   ; None         ; 9.900 ns   ; SW_Count_Coder:Coder|DIV_F2M:DIV|F2M                           ; TEST_CODER[0]   ; CLK        ;
+-------+--------------+------------+----------------------------------------------------------------+-----------------+------------+


+------------------------------------------------------------------------------------------------------------------------------------------+
; th                                                                                                                                       ;
+---------------+-------------+-----------+------------------+------------------------------------------------------------------+----------+
; Minimum Slack ; Required th ; Actual th ; From             ; To                                                               ; To Clock ;
+---------------+-------------+-----------+------------------+------------------------------------------------------------------+----------+
; N/A           ; None        ; 5.900 ns  ; ERROR_BUFFER[0]  ; SW_Count_Coder:Coder|Form_buffer:Form_buffer|buffer_temp_1[1]    ; CLK      ;
; N/A           ; None        ; 4.100 ns  ; ERROR_BUFFER[0]  ; SW_Count_Coder:Coder|Form_buffer:Form_buffer|buffer_temp_1[0]    ; CLK      ;
; N/A           ; None        ; 4.000 ns  ; ERROR_BUFFER[0]  ; SW_Count_Coder:Coder|Form_buffer:Form_buffer|buffer_temp_1[2]    ; CLK      ;
; N/A           ; None        ; 1.200 ns  ; ERROR_BUFFER[1]  ; SW_Count_Coder:Coder|Form_buffer:Form_buffer|buffer_temp_1[1]    ; CLK      ;
; N/A           ; None        ; 1.000 ns  ; ERROR_COUNTER[1] ; SW_Count_Coder:Coder|Step_count:COUNT|counter[2]                 ; CLK      ;
; N/A           ; None        ; 0.800 ns  ; ERROR_COUNTER[1] ; SW_Count_Coder:Coder|Step_count:COUNT|counter[0]                 ; CLK      ;
; N/A           ; None        ; 0.800 ns  ; ERROR_COUNTER[1] ; SW_Count_Coder:Coder|Step_count:COUNT|counter[1]                 ; CLK      ;
; N/A           ; None        ; 0.800 ns  ; ERROR_COUNTER[0] ; SW_Count_Coder:Coder|Step_count:COUNT|counter[0]                 ; CLK      ;
; N/A           ; None        ; 0.800 ns  ; ERROR_COUNTER[0] ; SW_Count_Coder:Coder|Step_count:COUNT|counter[1]                 ; CLK      ;
; N/A           ; None        ; 0.800 ns  ; ERROR_COUNTER[0] ; SW_Count_Coder:Coder|Step_count:COUNT|counter[2]                 ; CLK      ;
; N/A           ; None        ; 0.300 ns  ; ERROR_WORD[0]    ; SW_Count_Coder:Coder|Form_word:Form_word|OUT_WORD                ; CLK      ;
; N/A           ; None        ; 0.300 ns  ; ERROR_WORD[1]    ; SW_Count_Coder:Coder|Form_word:Form_word|OUT_WORD                ; CLK      ;
; N/A           ; None        ; -0.400 ns ; ERROR_BUFFER[1]  ; SW_Count_Coder:Coder|Form_buffer:Form_buffer|buffer_temp_1[2]    ; CLK      ;
; N/A           ; None        ; -0.500 ns ; ERROR_BUFFER[1]  ; SW_Count_Coder:Coder|Form_buffer:Form_buffer|buffer_temp_1[0]    ; CLK      ;
; N/A           ; None        ; -4.500 ns ; RES              ; SW_Count_Decoder:DEecoder|Decoder_Reader:READ_WORD|word_inner[0] ; CLK      ;
; N/A           ; None        ; -4.500 ns ; RES              ; SW_Count_Decoder:DEecoder|Decoder_Reader:READ_WORD|word_inner[1] ; CLK      ;
; N/A           ; None        ; -4.500 ns ; RES              ; SW_Count_Decoder:DEecoder|Decoder_Reader:READ_WORD|word_inner[2] ; CLK      ;
+---------------+-------------+-----------+------------------+------------------------------------------------------------------+----------+


+--------------------------+
; Timing Analyzer Messages ;
+--------------------------+
Info: *******************************************************************
Info: Running Quartus II Classic Timing Analyzer
    Info: Version 9.0 Build 235 06/17/2009 Service Pack 2 SJ Web Edition
    Info: Processing started: Sat Oct 28 23:42:36 2017
Info: Command: quartus_tan --read_settings_files=off --write_settings_files=off Rad_Base -c Rad_Base
Info: Started post-fitting delay annotation
Info: Delay annotation completed successfully
Warning: Timing Analysis is analyzing one or more combinational loops as latches
    Warning: Node "SW_Count_Coder:Coder|Form_word:Form_word|OUT_WORD" is a latch
Warning: Found pins functioning as undefined clocks and/or memory enables
    Info: Assuming node "CLK" is an undefined clock
Warning: Found 5 node(s) in clock paths which may be acting as ripple and/or gated clocks -- node(s) analyzed as buffer(s) resulting in clock skew
    Info: Detected gated clock "SW_Count_Coder:Coder|Form_word:Form_word|OUT_WORD~20" as buffer
    Info: Detected ripple clock "SW_Count_Coder:Coder|DIV_F2M:DIV|counter[2]" as buffer
    Info: Detected ripple clock "SW_Count_Coder:Coder|DIV_F2M:DIV|counter[1]" as buffer
    Info: Detected ripple clock "SW_Count_Coder:Coder|DIV_F2M:DIV|counter[0]" as buffer
    Info: Detected ripple clock "SW_Count_Coder:Coder|DIV_F2M:DIV|F2M" as buffer
Info: Clock "CLK" has Internal fmax of 40.65 MHz between source register "SW_Count_Coder:Coder|DIV_F2M:DIV|counter[0]" and destination register "SW_Count_Coder:Coder|Form_word:Form_word|OUT_WORD" (period= 24.6 ns)
    Info: + Longest register to register delay is 13.400 ns
        Info: 1: + IC(0.000 ns) + CELL(0.000 ns) = 0.000 ns; Loc. = LC6_F34; Fanout = 7; REG Node = 'SW_Count_Coder:Coder|DIV_F2M:DIV|counter[0]'
        Info: 2: + IC(0.300 ns) + CELL(1.600 ns) = 1.900 ns; Loc. = LC1_F34; Fanout = 6; COMB Node = 'SW_Count_Coder:Coder|DIV_F2M:DIV|Equal1~0'
        Info: 3: + IC(1.000 ns) + CELL(0.800 ns) = 3.700 ns; Loc. = LC2_F35; Fanout = 1; COMB Node = 'SW_Count_Coder:Coder|Form_word:Form_word|OUT_WORD~47'
        Info: 4: + IC(0.000 ns) + CELL(1.600 ns) = 5.300 ns; Loc. = LC3_F35; Fanout = 1; COMB Node = 'SW_Count_Coder:Coder|Form_word:Form_word|OUT_WORD~32'
        Info: 5: + IC(0.900 ns) + CELL(1.600 ns) = 7.800 ns; Loc. = LC5_F36; Fanout = 1; COMB Node = 'SW_Count_Coder:Coder|Form_word:Form_word|OUT_WORD~17'
        Info: 6: + IC(0.300 ns) + CELL(1.700 ns) = 9.800 ns; Loc. = LC6_F36; Fanout = 1; COMB Node = 'SW_Count_Coder:Coder|Form_word:Form_word|OUT_WORD~18'
        Info: 7: + IC(0.300 ns) + CELL(1.600 ns) = 11.700 ns; Loc. = LC8_F36; Fanout = 1; COMB Node = 'SW_Count_Coder:Coder|Form_word:Form_word|OUT_WORD~19'
        Info: 8: + IC(0.300 ns) + CELL(1.400 ns) = 13.400 ns; Loc. = LC3_F36; Fanout = 8; REG Node = 'SW_Count_Coder:Coder|Form_word:Form_word|OUT_WORD'
        Info: Total cell delay = 10.300 ns ( 76.87 % )
        Info: Total interconnect delay = 3.100 ns ( 23.13 % )
    Info: - Smallest clock skew is 5.100 ns
        Info: + Shortest clock path from clock "CLK" to destination register is 7.500 ns
            Info: 1: + IC(0.000 ns) + CELL(2.000 ns) = 2.000 ns; Loc. = PIN_L8; Fanout = 20; CLK Node = 'CLK'
            Info: 2: + IC(0.400 ns) + CELL(0.500 ns) = 2.900 ns; Loc. = LC6_F34; Fanout = 7; REG Node = 'SW_Count_Coder:Coder|DIV_F2M:DIV|counter[0]'
            Info: 3: + IC(0.300 ns) + CELL(1.400 ns) = 4.600 ns; Loc. = LC4_F34; Fanout = 1; COMB Node = 'SW_Count_Coder:Coder|Form_word:Form_word|OUT_WORD~20'
            Info: 4: + IC(1.300 ns) + CELL(1.600 ns) = 7.500 ns; Loc. = LC3_F36; Fanout = 8; REG Node = 'SW_Count_Coder:Coder|Form_word:Form_word|OUT_WORD'
            Info: Total cell delay = 5.500 ns ( 73.33 % )
            Info: Total interconnect delay = 2.000 ns ( 26.67 % )
        Info: - Longest clock path from clock "CLK" to source register is 2.400 ns
            Info: 1: + IC(0.000 ns) + CELL(2.000 ns) = 2.000 ns; Loc. = PIN_L8; Fanout = 20; CLK Node = 'CLK'
            Info: 2: + IC(0.400 ns) + CELL(0.000 ns) = 2.400 ns; Loc. = LC6_F34; Fanout = 7; REG Node = 'SW_Count_Coder:Coder|DIV_F2M:DIV|counter[0]'
            Info: Total cell delay = 2.000 ns ( 83.33 % )
            Info: Total interconnect delay = 0.400 ns ( 16.67 % )
    Info: + Micro clock to output delay of source is 0.500 ns
    Info: + Micro setup delay of destination is 3.500 ns
    Info: Delay path is controlled by inverted clocks -- if clock duty cycle is 50%, fmax is divided by two
Info: tsu for register "SW_Count_Coder:Coder|Form_word:Form_word|OUT_WORD" (data pin = "ERROR_WORD[1]", clock pin = "CLK") is 9.000 ns
    Info: + Longest pin to register delay is 13.000 ns
        Info: 1: + IC(0.000 ns) + CELL(2.000 ns) = 2.000 ns; Loc. = PIN_R8; Fanout = 8; PIN Node = 'ERROR_WORD[1]'
        Info: 2: + IC(0.200 ns) + CELL(1.100 ns) = 3.300 ns; Loc. = LC2_F35; Fanout = 1; COMB Node = 'SW_Count_Coder:Coder|Form_word:Form_word|OUT_WORD~47'
        Info: 3: + IC(0.000 ns) + CELL(1.600 ns) = 4.900 ns; Loc. = LC3_F35; Fanout = 1; COMB Node = 'SW_Count_Coder:Coder|Form_word:Form_word|OUT_WORD~32'
        Info: 4: + IC(0.900 ns) + CELL(1.600 ns) = 7.400 ns; Loc. = LC5_F36; Fanout = 1; COMB Node = 'SW_Count_Coder:Coder|Form_word:Form_word|OUT_WORD~17'
        Info: 5: + IC(0.300 ns) + CELL(1.700 ns) = 9.400 ns; Loc. = LC6_F36; Fanout = 1; COMB Node = 'SW_Count_Coder:Coder|Form_word:Form_word|OUT_WORD~18'
        Info: 6: + IC(0.300 ns) + CELL(1.600 ns) = 11.300 ns; Loc. = LC8_F36; Fanout = 1; COMB Node = 'SW_Count_Coder:Coder|Form_word:Form_word|OUT_WORD~19'
        Info: 7: + IC(0.300 ns) + CELL(1.400 ns) = 13.000 ns; Loc. = LC3_F36; Fanout = 8; REG Node = 'SW_Count_Coder:Coder|Form_word:Form_word|OUT_WORD'
        Info: Total cell delay = 11.000 ns ( 84.62 % )
        Info: Total interconnect delay = 2.000 ns ( 15.38 % )
    Info: + Micro setup delay of destination is 3.500 ns
    Info: - Shortest clock path from clock "CLK" to destination register is 7.500 ns
        Info: 1: + IC(0.000 ns) + CELL(2.000 ns) = 2.000 ns; Loc. = PIN_L8; Fanout = 20; CLK Node = 'CLK'
        Info: 2: + IC(0.400 ns) + CELL(0.500 ns) = 2.900 ns; Loc. = LC6_F34; Fanout = 7; REG Node = 'SW_Count_Coder:Coder|DIV_F2M:DIV|counter[0]'
        Info: 3: + IC(0.300 ns) + CELL(1.400 ns) = 4.600 ns; Loc. = LC4_F34; Fanout = 1; COMB Node = 'SW_Count_Coder:Coder|Form_word:Form_word|OUT_WORD~20'
        Info: 4: + IC(1.300 ns) + CELL(1.600 ns) = 7.500 ns; Loc. = LC3_F36; Fanout = 8; REG Node = 'SW_Count_Coder:Coder|Form_word:Form_word|OUT_WORD'
        Info: Total cell delay = 5.500 ns ( 73.33 % )
        Info: Total interconnect delay = 2.000 ns ( 26.67 % )
Info: tco from clock "CLK" to destination pin "TEST_CODER[3]" through register "SW_Count_Coder:Coder|Step_count:COUNT|counter[2]" is 16.700 ns
    Info: + Longest clock path from clock "CLK" to source register is 7.800 ns
        Info: 1: + IC(0.000 ns) + CELL(2.000 ns) = 2.000 ns; Loc. = PIN_L8; Fanout = 20; CLK Node = 'CLK'
        Info: 2: + IC(0.400 ns) + CELL(0.500 ns) = 2.900 ns; Loc. = LC1_F31; Fanout = 12; REG Node = 'SW_Count_Coder:Coder|DIV_F2M:DIV|F2M'
        Info: 3: + IC(4.900 ns) + CELL(0.000 ns) = 7.800 ns; Loc. = LC1_F27; Fanout = 8; REG Node = 'SW_Count_Coder:Coder|Step_count:COUNT|counter[2]'
        Info: Total cell delay = 2.500 ns ( 32.05 % )
        Info: Total interconnect delay = 5.300 ns ( 67.95 % )
    Info: + Micro clock to output delay of source is 0.500 ns
    Info: + Longest register to pin delay is 8.400 ns
        Info: 1: + IC(0.000 ns) + CELL(0.000 ns) = 0.000 ns; Loc. = LC1_F27; Fanout = 8; REG Node = 'SW_Count_Coder:Coder|Step_count:COUNT|counter[2]'
        Info: 2: + IC(2.100 ns) + CELL(6.300 ns) = 8.400 ns; Loc. = PIN_M1; Fanout = 0; PIN Node = 'TEST_CODER[3]'
        Info: Total cell delay = 6.300 ns ( 75.00 % )
        Info: Total interconnect delay = 2.100 ns ( 25.00 % )
Info: th for register "SW_Count_Coder:Coder|Form_buffer:Form_buffer|buffer_temp_1[1]" (data pin = "ERROR_BUFFER[0]", clock pin = "CLK") is 5.900 ns
    Info: + Longest clock path from clock "CLK" to destination register is 7.800 ns
        Info: 1: + IC(0.000 ns) + CELL(2.000 ns) = 2.000 ns; Loc. = PIN_L8; Fanout = 20; CLK Node = 'CLK'
        Info: 2: + IC(0.400 ns) + CELL(0.500 ns) = 2.900 ns; Loc. = LC1_F31; Fanout = 12; REG Node = 'SW_Count_Coder:Coder|DIV_F2M:DIV|F2M'
        Info: 3: + IC(4.900 ns) + CELL(0.000 ns) = 7.800 ns; Loc. = LC8_F35; Fanout = 4; REG Node = 'SW_Count_Coder:Coder|Form_buffer:Form_buffer|buffer_temp_1[1]'
        Info: Total cell delay = 2.500 ns ( 32.05 % )
        Info: Total interconnect delay = 5.300 ns ( 67.95 % )
    Info: + Micro hold delay of destination is 1.300 ns
    Info: - Shortest pin to register delay is 3.200 ns
        Info: 1: + IC(0.000 ns) + CELL(2.000 ns) = 2.000 ns; Loc. = PIN_A9; Fanout = 4; PIN Node = 'ERROR_BUFFER[0]'
        Info: 2: + IC(0.200 ns) + CELL(1.000 ns) = 3.200 ns; Loc. = LC8_F35; Fanout = 4; REG Node = 'SW_Count_Coder:Coder|Form_buffer:Form_buffer|buffer_temp_1[1]'
        Info: Total cell delay = 3.000 ns ( 93.75 % )
        Info: Total interconnect delay = 0.200 ns ( 6.25 % )
Info: Quartus II Classic Timing Analyzer was successful. 0 errors, 4 warnings
    Info: Peak virtual memory: 166 megabytes
    Info: Processing ended: Sat Oct 28 23:42:37 2017
    Info: Elapsed time: 00:00:01
    Info: Total CPU time (on all processors): 00:00:00


