Flow report for Rad_Base
Wed Jan 10 14:51:09 2018
Quartus II Version 9.0 Build 235 06/17/2009 Service Pack 2 SJ Web Edition


---------------------
; Table of Contents ;
---------------------
  1. Legal Notice
  2. Flow Summary
  3. Flow Settings
  4. Flow Non-Default Global Settings
  5. Flow Elapsed Time
  6. Flow OS Summary
  7. Flow Log



----------------
; Legal Notice ;
----------------
Copyright (C) 1991-2009 Altera Corporation
Your use of Altera Corporation's design tools, logic functions 
and other software and tools, and its AMPP partner logic 
functions, and any output files from any of the foregoing 
(including device programming or simulation files), and any 
associated documentation or information are expressly subject 
to the terms and conditions of the Altera Program License 
Subscription Agreement, Altera MegaCore Function License 
Agreement, or other applicable license agreement, including, 
without limitation, that your use is for the sole purpose of 
programming logic devices manufactured by Altera and sold by 
Altera or its authorized distributors.  Please refer to the 
applicable agreement for further details.



+------------------------------------------------------------------------+
; Flow Summary                                                           ;
+-------------------------+----------------------------------------------+
; Flow Status             ; Successful - Wed Jan 10 14:51:09 2018        ;
; Quartus II Version      ; 9.0 Build 235 06/17/2009 SP 2 SJ Web Edition ;
; Revision Name           ; Rad_Base                                     ;
; Top-level Entity Name   ; Base_SW_Rad                                  ;
; Family                  ; FLEX10KE                                     ;
; Device                  ; EPF10K30EFC256-3                             ;
; Timing Models           ; Final                                        ;
; Met timing requirements ; No                                           ;
; Total logic elements    ; 73 / 1,728 ( 4 % )                           ;
; Total pins              ; 66 / 176 ( 38 % )                            ;
; Total memory bits       ; 0 / 24,576 ( 0 % )                           ;
; Total PLLs              ; 0                                            ;
+-------------------------+----------------------------------------------+


+-----------------------------------------+
; Flow Settings                           ;
+-------------------+---------------------+
; Option            ; Setting             ;
+-------------------+---------------------+
; Start date & time ; 01/10/2018 14:51:04 ;
; Main task         ; Compilation         ;
; Revision Name     ; Rad_Base            ;
+-------------------+---------------------+


+-----------------------------------------------------------------------------------------------------------------------------+
; Flow Non-Default Global Settings                                                                                            ;
+----------------------------------------+-------------------------------------+---------------+-------------+----------------+
; Assignment Name                        ; Value                               ; Default Value ; Entity Name ; Section Id     ;
+----------------------------------------+-------------------------------------+---------------+-------------+----------------+
; COMPILER_SIGNATURE_ID                  ; 128454780033929.151558506408488     ; --            ; --          ; --             ;
; EDA_DESIGN_INSTANCE_NAME               ; i1                                  ; --            ; --          ; Base_test      ;
; EDA_NATIVELINK_GENERATE_SCRIPT_ONLY    ; Off                                 ; --            ; --          ; eda_simulation ;
; EDA_NATIVELINK_SIMULATION_SETUP_SCRIPT ; ../gen_log.tcl                      ; --            ; --          ; eda_simulation ;
; EDA_NATIVELINK_SIMULATION_TEST_BENCH   ; Base_test                           ; --            ; --          ; eda_simulation ;
; EDA_OUTPUT_DATA_FORMAT                 ; Vhdl                                ; --            ; --          ; eda_simulation ;
; EDA_SIMULATION_TOOL                    ; ModelSim-Altera (VHDL)              ; <None>        ; --          ; --             ;
; EDA_TEST_BENCH_ENABLE_STATUS           ; TEST_BENCH_MODE                     ; --            ; --          ; eda_simulation ;
; EDA_TEST_BENCH_FILE                    ; simulation/modelsim/Base_SW_Rad.vhd ; --            ; --          ; Base_test      ;
; EDA_TEST_BENCH_MODULE_NAME             ; Base_SW_Rad_vhd_tst                 ; --            ; --          ; Base_test      ;
; EDA_TEST_BENCH_NAME                    ; Base_test                           ; --            ; --          ; eda_simulation ;
; EDA_TEST_BENCH_RUN_SIM_FOR             ; 100 ms                              ; --            ; --          ; Base_test      ;
; EDA_TIME_SCALE                         ; 1 ps                                ; --            ; --          ; eda_simulation ;
; MAX_CORE_JUNCTION_TEMP                 ; 85                                  ; --            ; --          ; --             ;
; MIN_CORE_JUNCTION_TEMP                 ; 0                                   ; --            ; --          ; --             ;
; TOP_LEVEL_ENTITY                       ; Base_SW_Rad                         ; Rad_Base      ; --          ; --             ;
; USE_GENERATED_PHYSICAL_CONSTRAINTS     ; Off                                 ; --            ; --          ; eda_blast_fpga ;
+----------------------------------------+-------------------------------------+---------------+-------------+----------------+


+-----------------------------------------------------------------------------------------------------------------------------+
; Flow Elapsed Time                                                                                                           ;
+-------------------------+--------------+-------------------------+---------------------+------------------------------------+
; Module Name             ; Elapsed Time ; Average Processors Used ; Peak Virtual Memory ; Total CPU Time (on all processors) ;
+-------------------------+--------------+-------------------------+---------------------+------------------------------------+
; Analysis & Synthesis    ; 00:00:01     ; 1.0                     ; 240 MB              ; 00:00:01                           ;
; Fitter                  ; 00:00:01     ; 1.0                     ; 207 MB              ; 00:00:01                           ;
; Assembler               ; 00:00:00     ; 1.0                     ; 202 MB              ; 00:00:00                           ;
; Classic Timing Analyzer ; 00:00:00     ; 1.0                     ; 173 MB              ; 00:00:00                           ;
; EDA Netlist Writer      ; 00:00:00     ; 1.0                     ; 162 MB              ; 00:00:00                           ;
; Total                   ; 00:00:02     ; --                      ; --                  ; 00:00:02                           ;
+-------------------------+--------------+-------------------------+---------------------+------------------------------------+


+------------------------------------------------------------------------------------------+
; Flow OS Summary                                                                          ;
+-------------------------+------------------+---------------+------------+----------------+
; Module Name             ; Machine Hostname ; OS Name       ; OS Version ; Processor type ;
+-------------------------+------------------+---------------+------------+----------------+
; Analysis & Synthesis    ; Andrew-PC        ; Windows Vista ; 6.1        ; x86_64         ;
; Fitter                  ; Andrew-PC        ; Windows Vista ; 6.1        ; x86_64         ;
; Assembler               ; Andrew-PC        ; Windows Vista ; 6.1        ; x86_64         ;
; Classic Timing Analyzer ; Andrew-PC        ; Windows Vista ; 6.1        ; x86_64         ;
; EDA Netlist Writer      ; Andrew-PC        ; Windows Vista ; 6.1        ; x86_64         ;
+-------------------------+------------------+---------------+------------+----------------+


------------
; Flow Log ;
------------
quartus_map --read_settings_files=on --write_settings_files=off Rad_Base -c Rad_Base
quartus_fit --read_settings_files=off --write_settings_files=off Rad_Base -c Rad_Base
quartus_asm --read_settings_files=off --write_settings_files=off Rad_Base -c Rad_Base
quartus_tan --read_settings_files=off --write_settings_files=off Rad_Base -c Rad_Base
quartus_eda --read_settings_files=off --write_settings_files=off Rad_Base -c Rad_Base



