Flow report for SW_Count_Coder
Tue Jan 09 08:51:04 2018
Quartus II Version 9.0 Build 235 06/17/2009 Service Pack 2 SJ Web Edition


---------------------
; Table of Contents ;
---------------------
  1. Legal Notice
  2. Flow Summary
  3. Flow Settings
  4. Flow Non-Default Global Settings
  5. Flow Elapsed Time
  6. Flow OS Summary
  7. Flow Log



----------------
; Legal Notice ;
----------------
Copyright (C) 1991-2009 Altera Corporation
Your use of Altera Corporation's design tools, logic functions 
and other software and tools, and its AMPP partner logic 
functions, and any output files from any of the foregoing 
(including device programming or simulation files), and any 
associated documentation or information are expressly subject 
to the terms and conditions of the Altera Program License 
Subscription Agreement, Altera MegaCore Function License 
Agreement, or other applicable license agreement, including, 
without limitation, that your use is for the sole purpose of 
programming logic devices manufactured by Altera and sold by 
Altera or its authorized distributors.  Please refer to the 
applicable agreement for further details.



+------------------------------------------------------------------------+
; Flow Summary                                                           ;
+-------------------------+----------------------------------------------+
; Flow Status             ; Flow Failed - Tue Jan 09 08:51:04 2018       ;
; Quartus II Version      ; 9.0 Build 235 06/17/2009 SP 2 SJ Web Edition ;
; Revision Name           ; SW_Count_Coder                               ;
; Top-level Entity Name   ; Base_SW_Rad                                  ;
; Family                  ; FLEX10KE                                     ;
; Device                  ; EPF10K30EFC256-3                             ;
; Timing Models           ; Final                                        ;
; Met timing requirements ; N/A                                          ;
+-------------------------+----------------------------------------------+


+-----------------------------------------+
; Flow Settings                           ;
+-------------------+---------------------+
; Option            ; Setting             ;
+-------------------+---------------------+
; Start date & time ; 01/09/2018 08:51:04 ;
; Main task         ; Compilation         ;
; Revision Name     ; SW_Count_Coder      ;
+-------------------+---------------------+


+---------------------------------------------------------------------------------------------------------------------------+
; Flow Non-Default Global Settings                                                                                          ;
+--------------------------------------+---------------------------------+----------------+-------------+-------------------+
; Assignment Name                      ; Value                           ; Default Value  ; Entity Name ; Section Id        ;
+--------------------------------------+---------------------------------+----------------+-------------+-------------------+
; COMPILER_SIGNATURE_ID                ; 128454780033929.151547706406344 ; --             ; --          ; --                ;
; EDA_DESIGN_INSTANCE_NAME             ; i1                              ; --             ; --          ; BASE_SW_TESTBENCH ;
; EDA_NATIVELINK_SIMULATION_TEST_BENCH ; BASE_SW_TESTBENCH               ; --             ; --          ; eda_simulation    ;
; EDA_OUTPUT_DATA_FORMAT               ; Vhdl                            ; --             ; --          ; eda_simulation    ;
; EDA_SIMULATION_TOOL                  ; ModelSim-Altera (VHDL)          ; <None>         ; --          ; --                ;
; EDA_TEST_BENCH_ENABLE_STATUS         ; TEST_BENCH_MODE                 ; --             ; --          ; eda_simulation    ;
; EDA_TEST_BENCH_FILE                  ; ../Base_SW_Rad.vhd              ; --             ; --          ; BASE_SW_TESTBENCH ;
; EDA_TEST_BENCH_MODULE_NAME           ; Base_SW_Rad_vhd_tst             ; --             ; --          ; BASE_SW_TESTBENCH ;
; EDA_TEST_BENCH_NAME                  ; BASE_SW_TESTBENCH               ; --             ; --          ; eda_simulation    ;
; EDA_TEST_BENCH_RUN_SIM_FOR           ; 200 ms                          ; --             ; --          ; BASE_SW_TESTBENCH ;
; EDA_TIME_SCALE                       ; 1 ps                            ; --             ; --          ; eda_simulation    ;
; MAX_CORE_JUNCTION_TEMP               ; 85                              ; --             ; --          ; --                ;
; MIN_CORE_JUNCTION_TEMP               ; 0                               ; --             ; --          ; --                ;
; TOP_LEVEL_ENTITY                     ; Base_SW_Rad                     ; SW_Count_Coder ; --          ; --                ;
; USE_GENERATED_PHYSICAL_CONSTRAINTS   ; Off                             ; --             ; --          ; eda_blast_fpga    ;
+--------------------------------------+---------------------------------+----------------+-------------+-------------------+


+--------------------------------------------------------------------------------------------------------------------------+
; Flow Elapsed Time                                                                                                        ;
+----------------------+--------------+-------------------------+---------------------+------------------------------------+
; Module Name          ; Elapsed Time ; Average Processors Used ; Peak Virtual Memory ; Total CPU Time (on all processors) ;
+----------------------+--------------+-------------------------+---------------------+------------------------------------+
; Analysis & Synthesis ; 00:00:01     ; 1.0                     ; 231 MB              ; 00:00:00                           ;
; Total                ; 00:00:01     ; --                      ; --                  ; 00:00:00                           ;
+----------------------+--------------+-------------------------+---------------------+------------------------------------+


+---------------------------------------------------------------------------------------+
; Flow OS Summary                                                                       ;
+----------------------+------------------+---------------+------------+----------------+
; Module Name          ; Machine Hostname ; OS Name       ; OS Version ; Processor type ;
+----------------------+------------------+---------------+------------+----------------+
; Analysis & Synthesis ; Andrew-PC        ; Windows Vista ; 6.1        ; x86_64         ;
+----------------------+------------------+---------------+------------+----------------+


------------
; Flow Log ;
------------
quartus_map --read_settings_files=on --write_settings_files=off SW_Count_Coder -c SW_Count_Coder



